INFO:root:https://www.facebook.com/messages/t/3724459277571389
INFO:root:['@Szymon', '@Ania', '@Maks']
INFO:root:Logged in, waiting for requests...
INFO:root:Checking for request in 5...
INFO:root:Checking now.
INFO:root:Did not find @Bot meme tag.
INFO:root:Did not find @Bot tag.
INFO:root:Checking for request in 5...
INFO:root:Checking now.
INFO:root:Did not find @Bot meme tag.
INFO:root:Did not find @Bot tag.
INFO:root:Checking for request in 5...
INFO:root:Checking now.
INFO:root:Found @Bot meme tag.
INFO:root:Bot has been tagged: Sending Random Meme... 
INFO:root:Meme sent.
INFO:root:Did not find @Bot tag.
INFO:root:Checking for request in 5...
INFO:root:Checking now.
INFO:root:Did not find @Bot meme tag.
INFO:root:Did not find @Bot tag.
INFO:root:Checking for request in 5...
INFO:root:Checking now.
INFO:root:Found @Bot meme tag.
INFO:root:Bot has been tagged: Sending Random Meme... 
INFO:root:Meme sent.
INFO:root:Did not find @Bot tag.
INFO:root:Checking for request in 5...
INFO:root:Checking now.
INFO:root:Did not find @Bot meme tag.
INFO:root:Did not find @Bot tag.
INFO:root:Checking for request in 5...
INFO:root:Checking now.
INFO:root:Did not find @Bot meme tag.
INFO:root:Did not find @Bot tag.
INFO:root:Checking for request in 5...
INFO:root:Checking now.
INFO:root:Did not find @Bot meme tag.
INFO:root:Did not find @Bot tag.
INFO:root:Checking for request in 5...
INFO:root:Checking now.
INFO:root:Did not find @Bot meme tag.
INFO:root:Did not find @Bot tag.
INFO:root:Checking for request in 5...
INFO:root:Checking now.
INFO:root:Did not find @Bot meme tag.
INFO:root:Did not find @Bot tag.
INFO:root:Checking for request in 5...
INFO:root:Checking now.
INFO:root:Did not find @Bot meme tag.
INFO:root:Did not find @Bot tag.
INFO:root:Checking for request in 5...
INFO:root:Checking now.
INFO:root:Did not find @Bot meme tag.
INFO:root:Did not find @Bot tag.
INFO:root:Checking for request in 5...
INFO:root:Checking now.
INFO:root:Found @Bot meme tag.
INFO:root:Bot has been tagged: Sending Random Meme... 
INFO:root:Meme sent.
INFO:root:Did not find @Bot tag.
INFO:root:Checking for request in 5...
INFO:root:Checking now.
INFO:root:Did not find @Bot meme tag.
INFO:root:Did not find @Bot tag.
INFO:root:Checking for request in 5...
INFO:root:Checking now.
INFO:root:Did not find @Bot meme tag.
INFO:root:Did not find @Bot tag.
INFO:root:Checking for request in 5...
INFO:root:Checking now.
INFO:root:Did not find @Bot meme tag.
INFO:root:Did not find @Bot tag.
INFO:root:Checking for request in 5...
INFO:root:Checking now.
INFO:root:Did not find @Bot meme tag.
INFO:root:Did not find @Bot tag.
INFO:root:Checking for request in 5...
INFO:root:Checking now.
INFO:root:Did not find @Bot meme tag.
INFO:root:Did not find @Bot tag.
INFO:root:Checking for request in 5...
INFO:root:Checking now.
INFO:root:Did not find @Bot meme tag.
INFO:root:Did not find @Bot tag.
INFO:root:Checking for request in 5...
INFO:root:Checking now.
INFO:root:Found @Bot meme tag.
INFO:root:Bot has been tagged: Sending Random Meme... 
INFO:root:Meme sent.
INFO:root:Did not find @Bot tag.
INFO:root:Checking for request in 5...
INFO:root:Checking now.
INFO:root:Did not find @Bot meme tag.
INFO:root:Did not find @Bot tag.
INFO:root:Checking for request in 5...
INFO:root:Checking now.
INFO:root:Did not find @Bot meme tag.
INFO:root:Did not find @Bot tag.
INFO:root:Checking for request in 5...
INFO:root:Checking now.
INFO:root:Did not find @Bot meme tag.
INFO:root:Found @Bot tag.
INFO:root:Bot has been tagged: Printing Users '@' Tags... 
INFO:root:Done tagging.
INFO:root:Checking for request in 5...
INFO:root:Checking now.
INFO:root:Did not find @Bot meme tag.
INFO:root:Did not find @Bot tag.
INFO:root:Checking for request in 5...
INFO:root:Checking now.
INFO:root:Did not find @Bot meme tag.
INFO:root:Did not find @Bot tag.
INFO:root:Checking for request in 5...
INFO:root:Checking now.
INFO:root:Did not find @Bot meme tag.
INFO:root:Did not find @Bot tag.
INFO:root:Checking for request in 5...
INFO:root:Checking now.
INFO:root:Did not find @Bot meme tag.
INFO:root:Did not find @Bot tag.
INFO:root:Checking for request in 5...
INFO:root:Checking now.
INFO:root:Did not find @Bot meme tag.
INFO:root:Did not find @Bot tag.
INFO:root:Checking for request in 5...
INFO:root:Checking now.
INFO:root:Did not find @Bot meme tag.
INFO:root:Did not find @Bot tag.
INFO:root:Checking for request in 5...
INFO:root:Checking now.
INFO:root:Did not find @Bot meme tag.
INFO:root:Did not find @Bot tag.
INFO:root:Checking for request in 5...
INFO:root:Checking now.
INFO:root:Did not find @Bot meme tag.
INFO:root:Did not find @Bot tag.
INFO:root:Checking for request in 5...
INFO:root:Checking now.
INFO:root:Did not find @Bot meme tag.
INFO:root:Did not find @Bot tag.
INFO:root:Checking for request in 5...
INFO:root:Checking now.
INFO:root:Did not find @Bot meme tag.
INFO:root:Did not find @Bot tag.
INFO:root:Checking for request in 5...
INFO:root:Checking now.
INFO:root:Did not find @Bot meme tag.
INFO:root:Did not find @Bot tag.
INFO:root:Checking for request in 5...
INFO:root:Checking now.
INFO:root:Did not find @Bot meme tag.
INFO:root:Did not find @Bot tag.
INFO:root:Checking for request in 5...
INFO:root:Checking now.
INFO:root:Did not find @Bot meme tag.
INFO:root:Did not find @Bot tag.
INFO:root:Checking for request in 5...
INFO:root:Checking now.
INFO:root:Did not find @Bot meme tag.
INFO:root:Did not find @Bot tag.
INFO:root:Checking for request in 5...
INFO:root:Checking now.
INFO:root:Did not find @Bot meme tag.
INFO:root:Did not find @Bot tag.
INFO:root:Checking for request in 5...
INFO:root:Checking now.
INFO:root:Did not find @Bot meme tag.
INFO:root:Did not find @Bot tag.
INFO:root:Checking for request in 5...
INFO:root:Checking now.
INFO:root:Did not find @Bot meme tag.
INFO:root:Did not find @Bot tag.
INFO:root:Checking for request in 5...
INFO:root:Checking now.
INFO:root:Did not find @Bot meme tag.
INFO:root:Did not find @Bot tag.
INFO:root:Checking for request in 5...
INFO:root:Checking now.
INFO:root:Did not find @Bot meme tag.
INFO:root:Did not find @Bot tag.
INFO:root:Checking for request in 5...
INFO:root:Checking now.
INFO:root:Did not find @Bot meme tag.
INFO:root:Did not find @Bot tag.
INFO:root:Checking for request in 5...
INFO:root:Checking now.
INFO:root:Did not find @Bot meme tag.
INFO:root:Did not find @Bot tag.
INFO:root:Checking for request in 5...
INFO:root:Checking now.
INFO:root:Did not find @Bot meme tag.
INFO:root:Did not find @Bot tag.
INFO:root:Checking for request in 5...
INFO:root:Checking now.
INFO:root:Did not find @Bot meme tag.
INFO:root:Did not find @Bot tag.
INFO:root:Checking for request in 5...
INFO:root:Checking now.
INFO:root:Did not find @Bot meme tag.
INFO:root:Did not find @Bot tag.
INFO:root:Checking for request in 5...
INFO:root:Checking now.
INFO:root:Did not find @Bot meme tag.
INFO:root:Did not find @Bot tag.
INFO:root:Checking for request in 5...
INFO:root:Checking now.
INFO:root:Did not find @Bot meme tag.
INFO:root:Did not find @Bot tag.
INFO:root:Checking for request in 5...
INFO:root:Checking now.
INFO:root:Did not find @Bot meme tag.
INFO:root:Did not find @Bot tag.
INFO:root:Checking for request in 5...
INFO:root:Checking now.
INFO:root:Did not find @Bot meme tag.
INFO:root:Did not find @Bot tag.
INFO:root:Checking for request in 5...
INFO:root:Checking now.
INFO:root:Did not find @Bot meme tag.
INFO:root:Did not find @Bot tag.
INFO:root:Checking for request in 5...
INFO:root:Checking now.
INFO:root:Did not find @Bot meme tag.
INFO:root:Did not find @Bot tag.
INFO:root:Checking for request in 5...
INFO:root:Checking now.
INFO:root:Did not find @Bot meme tag.
INFO:root:Did not find @Bot tag.
INFO:root:Checking for request in 5...
INFO:root:Checking now.
INFO:root:Did not find @Bot meme tag.
INFO:root:Did not find @Bot tag.
INFO:root:Checking for request in 5...
INFO:root:Checking now.
INFO:root:Did not find @Bot meme tag.
INFO:root:Did not find @Bot tag.
INFO:root:Checking for request in 5...
INFO:root:Checking now.
INFO:root:Did not find @Bot meme tag.
INFO:root:Did not find @Bot tag.
INFO:root:Checking for request in 5...
INFO:root:Checking now.
INFO:root:Did not find @Bot meme tag.
INFO:root:Did not find @Bot tag.
INFO:root:Checking for request in 5...
INFO:root:Checking now.
INFO:root:Did not find @Bot meme tag.
INFO:root:Did not find @Bot tag.
INFO:root:Checking for request in 5...
INFO:root:Checking now.
INFO:root:Did not find @Bot meme tag.
INFO:root:Did not find @Bot tag.
INFO:root:Checking for request in 5...
INFO:root:Checking now.
INFO:root:Did not find @Bot meme tag.
INFO:root:Did not find @Bot tag.
INFO:root:Checking for request in 5...
INFO:root:Checking now.
INFO:root:Did not find @Bot meme tag.
INFO:root:Did not find @Bot tag.
INFO:root:Checking for request in 5...
INFO:root:Checking now.
INFO:root:Did not find @Bot meme tag.
INFO:root:Did not find @Bot tag.
INFO:root:Checking for request in 5...
INFO:root:Checking now.
INFO:root:Did not find @Bot meme tag.
INFO:root:Did not find @Bot tag.
INFO:root:Checking for request in 5...
INFO:root:Checking now.
INFO:root:Did not find @Bot meme tag.
INFO:root:Did not find @Bot tag.
INFO:root:Checking for request in 5...
INFO:root:Checking now.
INFO:root:Did not find @Bot meme tag.
INFO:root:Did not find @Bot tag.
INFO:root:Checking for request in 5...
INFO:root:Checking now.
INFO:root:Did not find @Bot meme tag.
INFO:root:Did not find @Bot tag.
INFO:root:Checking for request in 5...
INFO:root:Checking now.
INFO:root:Did not find @Bot meme tag.
INFO:root:Did not find @Bot tag.
INFO:root:Checking for request in 5...
INFO:root:Checking now.
INFO:root:Did not find @Bot meme tag.
INFO:root:Did not find @Bot tag.
INFO:root:Checking for request in 5...
INFO:root:Checking now.
INFO:root:Did not find @Bot meme tag.
INFO:root:Did not find @Bot tag.
INFO:root:Checking for request in 5...
INFO:root:Checking now.
INFO:root:Did not find @Bot meme tag.
INFO:root:Did not find @Bot tag.
INFO:root:Checking for request in 5...
INFO:root:Checking now.
INFO:root:Did not find @Bot meme tag.
INFO:root:Did not find @Bot tag.
INFO:root:Checking for request in 5...
INFO:root:Checking now.
INFO:root:Found @Bot meme tag.
INFO:root:Bot has been tagged: Sending Random Meme... 
INFO:root:Meme sent.
INFO:root:Did not find @Bot tag.
INFO:root:Checking for request in 5...
INFO:root:Checking now.
INFO:root:Did not find @Bot meme tag.
INFO:root:Did not find @Bot tag.
INFO:root:Checking for request in 5...
INFO:root:Checking now.
INFO:root:Did not find @Bot meme tag.
INFO:root:Did not find @Bot tag.
INFO:root:Checking for request in 5...
INFO:root:Checking now.
INFO:root:Did not find @Bot meme tag.
INFO:root:Did not find @Bot tag.
INFO:root:Checking for request in 5...
INFO:root:Checking now.
INFO:root:Did not find @Bot meme tag.
INFO:root:Did not find @Bot tag.
INFO:root:Checking for request in 5...
INFO:root:Checking now.
INFO:root:Found @Bot meme tag.
INFO:root:Bot has been tagged: Sending Random Meme... 
INFO:root:Meme sent.
INFO:root:Did not find @Bot tag.
INFO:root:Checking for request in 5...
INFO:root:Checking now.
INFO:root:Did not find @Bot meme tag.
INFO:root:Did not find @Bot tag.
INFO:root:Checking for request in 5...
INFO:root:Checking now.
INFO:root:Did not find @Bot meme tag.
INFO:root:Did not find @Bot tag.
INFO:root:Checking for request in 5...
INFO:root:Checking now.
INFO:root:Did not find @Bot meme tag.
INFO:root:Did not find @Bot tag.
INFO:root:Checking for request in 5...
INFO:root:Checking now.
INFO:root:Did not find @Bot meme tag.
INFO:root:Did not find @Bot tag.
INFO:root:Checking for request in 5...
INFO:root:Checking now.
INFO:root:Did not find @Bot meme tag.
INFO:root:Did not find @Bot tag.
INFO:root:Checking for request in 5...
INFO:root:Checking now.
INFO:root:Did not find @Bot meme tag.
INFO:root:Did not find @Bot tag.
INFO:root:Checking for request in 5...
INFO:root:Checking now.
INFO:root:Did not find @Bot meme tag.
INFO:root:Did not find @Bot tag.
INFO:root:Checking for request in 5...
INFO:root:Checking now.
INFO:root:Found @Bot meme tag.
INFO:root:Bot has been tagged: Sending Random Meme... 
INFO:root:Meme sent.
INFO:root:Did not find @Bot tag.
INFO:root:Checking for request in 5...
INFO:root:Checking now.
INFO:root:Did not find @Bot meme tag.
INFO:root:Did not find @Bot tag.
INFO:root:Checking for request in 5...
INFO:root:Checking now.
INFO:root:Did not find @Bot meme tag.
INFO:root:Did not find @Bot tag.
INFO:root:Checking for request in 5...
INFO:root:Checking now.
INFO:root:Did not find @Bot meme tag.
INFO:root:Did not find @Bot tag.
INFO:root:Checking for request in 5...
INFO:root:Checking now.
INFO:root:Found @Bot meme tag.
INFO:root:Bot has been tagged: Sending Random Meme... 
INFO:root:Meme sent.
INFO:root:Did not find @Bot tag.
INFO:root:Checking for request in 5...
INFO:root:Checking now.
INFO:root:Did not find @Bot meme tag.
INFO:root:Did not find @Bot tag.
INFO:root:Checking for request in 5...
INFO:root:Checking now.
INFO:root:Did not find @Bot meme tag.
INFO:root:Did not find @Bot tag.
INFO:root:Checking for request in 5...
INFO:root:Checking now.
INFO:root:Did not find @Bot meme tag.
INFO:root:Did not find @Bot tag.
INFO:root:Checking for request in 5...
INFO:root:Checking now.
INFO:root:Did not find @Bot meme tag.
INFO:root:Did not find @Bot tag.
INFO:root:Checking for request in 5...
INFO:root:Checking now.
INFO:root:Did not find @Bot meme tag.
INFO:root:Did not find @Bot tag.
INFO:root:Checking for request in 5...
INFO:root:Checking now.
INFO:root:Did not find @Bot meme tag.
INFO:root:Did not find @Bot tag.
INFO:root:Checking for request in 5...
INFO:root:Checking now.
INFO:root:Did not find @Bot meme tag.
INFO:root:Did not find @Bot tag.
INFO:root:Checking for request in 5...
INFO:root:Checking now.
INFO:root:Did not find @Bot meme tag.
INFO:root:Did not find @Bot tag.
INFO:root:Checking for request in 5...
INFO:root:Checking now.
INFO:root:Did not find @Bot meme tag.
INFO:root:Did not find @Bot tag.
INFO:root:Checking for request in 5...
INFO:root:Checking now.
INFO:root:Did not find @Bot meme tag.
INFO:root:Did not find @Bot tag.
INFO:root:Checking for request in 5...
INFO:root:Checking now.
INFO:root:Did not find @Bot meme tag.
INFO:root:Did not find @Bot tag.
INFO:root:Checking for request in 5...
INFO:root:Checking now.
INFO:root:Did not find @Bot meme tag.
INFO:root:Did not find @Bot tag.
INFO:root:Checking for request in 5...
INFO:root:Checking now.
INFO:root:Did not find @Bot meme tag.
INFO:root:Did not find @Bot tag.
INFO:root:Checking for request in 5...
INFO:root:Checking now.
INFO:root:Did not find @Bot meme tag.
INFO:root:Did not find @Bot tag.
INFO:root:Checking for request in 5...
INFO:root:Checking now.
INFO:root:Did not find @Bot meme tag.
INFO:root:Did not find @Bot tag.
INFO:root:Checking for request in 5...
INFO:root:Checking now.
INFO:root:Found @Bot meme tag.
INFO:root:Bot has been tagged: Sending Random Meme... 
INFO:root:Meme sent.
INFO:root:Did not find @Bot tag.
INFO:root:Checking for request in 5...
INFO:root:Checking now.
INFO:root:Did not find @Bot meme tag.
INFO:root:Did not find @Bot tag.
INFO:root:Checking for request in 5...
INFO:root:Checking now.
INFO:root:Did not find @Bot meme tag.
INFO:root:Did not find @Bot tag.
INFO:root:Checking for request in 5...
INFO:root:Checking now.
INFO:root:Did not find @Bot meme tag.
INFO:root:Did not find @Bot tag.
INFO:root:Checking for request in 5...
INFO:root:Checking now.
INFO:root:Did not find @Bot meme tag.
INFO:root:Did not find @Bot tag.
INFO:root:Checking for request in 5...
INFO:root:Checking now.
INFO:root:Did not find @Bot meme tag.
INFO:root:Did not find @Bot tag.
INFO:root:Checking for request in 5...
INFO:root:Checking now.
INFO:root:Did not find @Bot meme tag.
INFO:root:Did not find @Bot tag.
INFO:root:Checking for request in 5...
INFO:root:Checking now.
INFO:root:Did not find @Bot meme tag.
INFO:root:Did not find @Bot tag.
INFO:root:Checking for request in 5...
INFO:root:Checking now.
INFO:root:Did not find @Bot meme tag.
INFO:root:Did not find @Bot tag.
INFO:root:Checking for request in 5...
INFO:root:Checking now.
INFO:root:Found @Bot meme tag.
INFO:root:Bot has been tagged: Sending Random Meme... 
INFO:root:Meme sent.
INFO:root:Did not find @Bot tag.
INFO:root:Checking for request in 5...
INFO:root:Checking now.
INFO:root:Did not find @Bot meme tag.
INFO:root:Did not find @Bot tag.
INFO:root:Checking for request in 5...
INFO:root:Checking now.
INFO:root:Did not find @Bot meme tag.
INFO:root:Did not find @Bot tag.
INFO:root:Checking for request in 5...
INFO:root:Checking now.
INFO:root:Did not find @Bot meme tag.
INFO:root:Did not find @Bot tag.
INFO:root:Checking for request in 5...
INFO:root:Checking now.
INFO:root:Found @Bot meme tag.
INFO:root:Bot has been tagged: Sending Random Meme... 
INFO:root:Meme sent.
INFO:root:Did not find @Bot tag.
INFO:root:Checking for request in 5...
INFO:root:Checking now.
INFO:root:Did not find @Bot meme tag.
INFO:root:Did not find @Bot tag.
INFO:root:Checking for request in 5...
INFO:root:Checking now.
INFO:root:Did not find @Bot meme tag.
INFO:root:Did not find @Bot tag.
INFO:root:Checking for request in 5...
INFO:root:Checking now.
INFO:root:Did not find @Bot meme tag.
INFO:root:Did not find @Bot tag.
INFO:root:Checking for request in 5...
INFO:root:Checking now.
INFO:root:Did not find @Bot meme tag.
INFO:root:Did not find @Bot tag.
INFO:root:Checking for request in 5...
INFO:root:Checking now.
INFO:root:Did not find @Bot meme tag.
INFO:root:Did not find @Bot tag.
INFO:root:Checking for request in 5...
INFO:root:Checking now.
INFO:root:Did not find @Bot meme tag.
INFO:root:Did not find @Bot tag.
INFO:root:Checking for request in 5...
INFO:root:Checking now.
INFO:root:Found @Bot meme tag.
INFO:root:Bot has been tagged: Sending Random Meme... 
INFO:root:Meme sent.
INFO:root:Did not find @Bot tag.
INFO:root:Checking for request in 5...
INFO:root:Checking now.
INFO:root:Did not find @Bot meme tag.
INFO:root:Did not find @Bot tag.
INFO:root:Checking for request in 5...
INFO:root:Checking now.
INFO:root:Did not find @Bot meme tag.
INFO:root:Did not find @Bot tag.
INFO:root:Checking for request in 5...
INFO:root:Checking now.
INFO:root:Did not find @Bot meme tag.
INFO:root:Did not find @Bot tag.
INFO:root:Checking for request in 5...
INFO:root:Checking now.
INFO:root:Did not find @Bot meme tag.
INFO:root:Did not find @Bot tag.
INFO:root:Checking for request in 5...
INFO:root:Checking now.
INFO:root:Did not find @Bot meme tag.
INFO:root:Did not find @Bot tag.
INFO:root:Checking for request in 5...
INFO:root:Checking now.
INFO:root:Did not find @Bot meme tag.
INFO:root:Did not find @Bot tag.
INFO:root:Checking for request in 5...
INFO:root:Checking now.
INFO:root:Did not find @Bot meme tag.
INFO:root:Did not find @Bot tag.
INFO:root:Checking for request in 5...
INFO:root:Checking now.
INFO:root:Did not find @Bot meme tag.
INFO:root:Did not find @Bot tag.
INFO:root:Checking for request in 5...
INFO:root:Checking now.
INFO:root:Did not find @Bot meme tag.
INFO:root:Did not find @Bot tag.
INFO:root:Checking for request in 5...
